<?xml version="1.0" encoding="UTF-8"?>
<testng-results ignored="0" total="1" passed="1" failed="0" skipped="0">
  <reporter-output>
  </reporter-output>
  <suite started-at="2022-06-17T13:07:49 IST" name="TV" finished-at="2022-06-17T13:10:21 IST" duration-ms="152108">
    <groups>
    </groups>
    <test started-at="2022-06-17T13:07:49 IST" name="vootTV" finished-at="2022-06-17T13:10:21 IST" duration-ms="152108">
      <class name="com.VootTvScripts.TvVootScripts">
        <test-method is-config="true" signature="Before()[pri:0, instance:com.VootTvScripts.TvVootScripts@665e9289]" started-at="2022-06-17T13:07:59 IST" name="Before" finished-at="2022-06-17T13:08:18 IST" duration-ms="19120" status="PASS">
          <reporter-output>
          </reporter-output>
        </test-method> <!-- Before -->
        <test-method signature="Demo(java.lang.String)[pri:1, instance:com.VootTvScripts.TvVootScripts@665e9289]" started-at="2022-06-17T13:08:18 IST" name="Demo" finished-at="2022-06-17T13:10:19 IST" duration-ms="121408" status="PASS">
          <params>
            <param index="0">
              <value>
                <![CDATA[Guest]]>
              </value>
            </param>
          </params>
          <reporter-output>
          </reporter-output>
        </test-method> <!-- Demo -->
      </class> <!-- com.VootTvScripts.TvVootScripts -->
    </test> <!-- vootTV -->
  </suite> <!-- TV -->
</testng-results>
